[2025-05-04T22:13:48.190Z] [ARM64-VERIFY] Starting ARM64 module verification...
[2025-05-04T22:13:48.195Z] [ARM64-VERIFY] Verifying ARM64 native modules...
[2025-05-04T22:13:48.195Z] [ARM64-VERIFY] Node.js version: v23.11.0
[2025-05-04T22:13:48.195Z] [ARM64-VERIFY] Platform: darwin
[2025-05-04T22:13:48.195Z] [ARM64-VERIFY] Architecture: arm64
[2025-05-04T22:13:48.195Z] [ARM64-VERIFY] Netlify: No
[2025-05-04T22:13:48.195Z] [ARM64-VERIFY] Context: unknown
[2025-05-04T22:13:48.195Z] [ARM64-VERIFY] Current platform key: darwin-arm64
[2025-05-04T22:13:48.195Z] [ARM64-VERIFY] Found modules: @rollup/rollup-darwin-arm64
[2025-05-04T22:13:48.196Z] [ARM64-VERIFY] Missing modules: @esbuild/darwin-arm64
[2025-05-04T22:13:48.196Z] [ARM64-VERIFY] Installing missing ARM64 modules...
[2025-05-04T22:13:48.196Z] [ARM64-VERIFY] Installing @esbuild/darwin-arm64...
[2025-05-04T22:13:49.319Z] [ARM64-VERIFY] Successfully installed @esbuild/darwin-arm64
[2025-05-04T22:13:49.319Z] [ARM64-VERIFY] Applying Rollup module workaround...
[2025-05-04T22:13:49.320Z] [ARM64-VERIFY] Setting up macOS ARM64 optimized Rollup configuration
[2025-05-04T22:13:49.320Z] [ARM64-VERIFY] Updated Rollup package.json with platform-specific dependencies
[2025-05-04T22:13:49.320Z] [ARM64-VERIFY] Attempting to load esbuild...
[2025-05-04T22:13:49.324Z] [ARM64-VERIFY] ESBuild loaded successfully
[2025-05-04T22:13:49.324Z] [ARM64-VERIFY] Attempting to load rollup...
[2025-05-04T22:13:49.341Z] [ARM64-VERIFY] Error loading rollup: Cannot find module @rollup/rollup-darwin-arm64. npm has a bug related to optional dependencies (https://github.com/npm/cli/issues/4828). Please try `npm i` again after removing both package-lock.json and node_modules directory.
[2025-05-04T22:13:49.341Z] [ARM64-VERIFY] Attempting manual Rollup native module registration...
[2025-05-04T22:13:49.341Z] [ARM64-VERIFY] Could not find Rollup loadNative.js module
[2025-05-04T22:13:49.342Z] [ARM64-VERIFY] All required ARM64 native modules are installed!