[2025-05-06T00:09:59.885Z] Starting Astro dev server...
[2025-05-06T00:10:00.040Z] [Server Error] npm warn config optional Use `--omit=optional` to exclude optional dependencies, or
npm warn config `--include=optional` to include them.
npm warn config
npm warn config       Default value does install optional deps unless otherwise omitted.

[2025-05-06T00:10:00.048Z] [Server Error] npm warn using --force Recommended protections disabled.

[2025-05-06T00:10:00.070Z] [Server] 
> ai-tools-experiments@1.0.0 dev
> astro dev


[2025-05-06T00:10:01.168Z] [Server] 17:10:01 [types] Generated 1ms

[2025-05-06T00:10:01.405Z] [Server] 17:10:01 [content] Syncing content

[2025-05-06T00:10:01.409Z] [Server] 17:10:01 [WARN] [glob-loader] No files found matching "**/*{.md,.mdx},!**/_*/**/*{.md,.mdx},!**/_*{.md,.mdx}" in directory "src/content/transcripts"

[2025-05-06T00:10:01.411Z] [Server] 17:10:01 [content] Synced content

[2025-05-06T00:10:01.425Z] [Server] 17:10:01 [vite] Port 4321 is in use, trying another one...

[2025-05-06T00:10:01.426Z] [Server] 
 astro  v5.7.10 ready in 399 ms

┃ Local    http://localhost:4322/
┃ Network  use --host to expose

17:10:01 watching for file changes...

[2025-05-06T00:10:01.893Z] Status check #1: Still waiting for server...
[2025-05-06T00:10:03.893Z] Status check #2: Still waiting for server...
[2025-05-06T00:10:05.894Z] Status check #3: Still waiting for server...
[2025-05-06T00:10:07.894Z] Status check #4: Still waiting for server...
[2025-05-06T00:10:09.895Z] Status check #5: Still waiting for server...
[2025-05-06T00:10:11.895Z] Status check #6: Still waiting for server...
[2025-05-06T00:10:13.895Z] Status check #7: Still waiting for server...
[2025-05-06T00:10:15.896Z] Status check #8: Still waiting for server...
[2025-05-06T00:10:17.896Z] Status check #9: Still waiting for server...
[2025-05-06T00:10:19.895Z] Status check #10: Still waiting for server...
[2025-05-06T00:10:19.896Z] Checking if server is ready...
[2025-05-06T00:10:19.915Z] Server responded with status 200
[2025-05-06T00:10:19.915Z] Server responded to periodic check!
[2025-05-06T00:10:19.915Z] Running Playwright tests...
[2025-05-06T00:10:24.916Z] Server request timed out
[2025-05-06T00:10:24.921Z] Server check failed: Request timeout
[2025-05-06T00:10:30.079Z] [Server] 17:10:30 [watch] playwright-report/index.html

[2025-05-06T00:10:30.121Z] Tests exited with code 0
