[2025-05-06T00:08:37.709Z] Starting Astro dev server...
[2025-05-06T00:08:37.873Z] [Server Error] npm warn config optional Use `--omit=optional` to exclude optional dependencies, or
npm warn config `--include=optional` to include them.
npm warn config
npm warn config       Default value does install optional deps unless otherwise omitted.

[2025-05-06T00:08:37.880Z] [Server Error] npm warn using --force Recommended protections disabled.

[2025-05-06T00:08:37.903Z] [Server] 
> ai-tools-experiments@1.0.0 dev
> astro dev


[2025-05-06T00:08:39.138Z] [Server] 17:08:39 [types] Generated 1ms

[2025-05-06T00:08:39.469Z] [Server] 17:08:39 [content] Syncing content

[2025-05-06T00:08:39.473Z] [Server] 17:08:39 [WARN] [glob-loader] No files found matching "**/*{.md,.mdx},!**/_*/**/*{.md,.mdx},!**/_*{.md,.mdx}" in directory "src/content/transcripts"

[2025-05-06T00:08:39.476Z] [Server] 17:08:39 [content] Synced content

[2025-05-06T00:08:39.492Z] [Server] 
 astro  v5.7.10 ready in 503 ms

┃ Local    http://localhost:4321/
┃ Network  use --host to expose


[2025-05-06T00:08:39.492Z] Detected server ready message!
[2025-05-06T00:08:39.493Z] Running Playwright tests...
[2025-05-06T00:08:39.495Z] [Server] 17:08:39 watching for file changes...

[2025-05-06T00:08:43.790Z] [Server] 17:08:43 [200] / 44ms

[2025-05-06T00:08:43.793Z] [Server] 17:08:43 [200] / 48ms

[2025-05-06T00:08:43.794Z] [Server] 17:08:43 [200] / 49ms

[2025-05-06T00:08:43.794Z] [Server] 17:08:43 [200] / 49ms

[2025-05-06T00:08:45.501Z] [Server] 17:08:45 [200] / 8ms

[2025-05-06T00:08:45.579Z] [Server Error] 17:08:45 [ERROR] Could not import `../../layouts/MainLayout.astro`.
  Hint:
    This is often caused by a typo in the import path. Please make sure the file exists.
  Error reference:
    https://docs.astro.build/en/reference/errors/failed-to-load-module-ssr/
  Stack trace:
    at /Users/string/ai-tools-experiments/src/pages/about.astro:3:24
    [...] See full stack trace in the browser, or rerun with --verbose.

[2025-05-06T00:08:45.620Z] [Server Error] 17:08:45 [ERROR] Could not import `../../layouts/MainLayout.astro`.
  Hint:
    This is often caused by a typo in the import path. Please make sure the file exists.
  Error reference:
    https://docs.astro.build/en/reference/errors/failed-to-load-module-ssr/
  Stack trace:
    at loadAndTransform (file:///Users/string/ai-tools-experiments/node_modules/vite/dist/node/chunks/dep-Bn81Esdm.js:35725:17)
    [...] See full stack trace in the browser, or rerun with --verbose.

[2025-05-06T00:08:45.648Z] [Server Error] 17:08:45 [ERROR] Could not import `../../layouts/MainLayout.astro`.
  Hint:
    This is often caused by a typo in the import path. Please make sure the file exists.
  Error reference:
    https://docs.astro.build/en/reference/errors/failed-to-load-module-ssr/
  Stack trace:
    at loadAndTransform (file:///Users/string/ai-tools-experiments/node_modules/vite/dist/node/chunks/dep-Bn81Esdm.js:35725:17)
    [...] See full stack trace in the browser, or rerun with --verbose.

[2025-05-06T00:08:47.748Z] [Server] 17:08:47 [200] / 8ms

[2025-05-06T00:08:51.301Z] [Server] 17:08:51 [watch] playwright-report/index.html

[2025-05-06T00:10:19.914Z] [Server] 17:10:19 [200] / 4ms

[2025-05-06T00:10:23.227Z] [Server] 17:10:23 [200] / 5ms

[2025-05-06T00:10:23.234Z] [Server] 17:10:23 [200] / 6ms

[2025-05-06T00:10:23.245Z] [Server] 17:10:23 [200] / 9ms

[2025-05-06T00:10:23.256Z] [Server] 17:10:23 [200] / 9ms

[2025-05-06T00:10:25.689Z] [Server] 17:10:25 [200] / 4ms

[2025-05-06T00:10:25.783Z] [Server Error] 17:10:25 [ERROR] Could not import `../../layouts/MainLayout.astro`.
  Hint:
    This is often caused by a typo in the import path. Please make sure the file exists.
  Error reference:
    https://docs.astro.build/en/reference/errors/failed-to-load-module-ssr/
  Stack trace:
    at loadAndTransform (file:///Users/string/ai-tools-experiments/node_modules/vite/dist/node/chunks/dep-Bn81Esdm.js:35725:17)
    [...] See full stack trace in the browser, or rerun with --verbose.

[2025-05-06T00:10:25.784Z] [Server Error] 17:10:25 [ERROR] Could not import `../../layouts/MainLayout.astro`.
  Hint:
    This is often caused by a typo in the import path. Please make sure the file exists.
  Error reference:
    https://docs.astro.build/en/reference/errors/failed-to-load-module-ssr/
  Stack trace:
    at loadAndTransform (file:///Users/string/ai-tools-experiments/node_modules/vite/dist/node/chunks/dep-Bn81Esdm.js:35725:17)
    [...] See full stack trace in the browser, or rerun with --verbose.

[2025-05-06T00:10:25.784Z] [Server Error] 17:10:25 [ERROR] Could not import `../../layouts/MainLayout.astro`.
  Hint:
    This is often caused by a typo in the import path. Please make sure the file exists.
  Error reference:
    https://docs.astro.build/en/reference/errors/failed-to-load-module-ssr/
  Stack trace:
    at loadAndTransform (file:///Users/string/ai-tools-experiments/node_modules/vite/dist/node/chunks/dep-Bn81Esdm.js:35725:17)
    [...] See full stack trace in the browser, or rerun with --verbose.

[2025-05-06T00:10:30.077Z] [Server] 17:10:30 [watch] playwright-report/index.html

[2025-05-06T00:10:30.173Z] [Server] 17:10:30 [watch] playwright-report/index.html

[2025-05-06T00:11:24.936Z] [Server] 17:11:24 Configuration file updated. Restarting...

[2025-05-06T00:11:25.028Z] [Server] 17:11:25 [vite] Re-optimizing dependencies because vite config has changed

[2025-05-06T00:11:25.308Z] [Server] 17:11:25 [content] Syncing content

[2025-05-06T00:11:25.311Z] [Server] 17:11:25 [WARN] [glob-loader] No files found matching "**/*{.md,.mdx},!**/_*/**/*{.md,.mdx},!**/_*{.md,.mdx}" in directory "src/content/transcripts"

[2025-05-06T00:11:25.312Z] [Server] 17:11:25 [content] Synced content

[2025-05-06T00:11:25.313Z] [Server] 17:11:25 [types] Generated 321ms

[2025-05-06T00:11:25.318Z] [Server] 17:11:25 [vite] Re-optimizing dependencies because vite config has changed

[2025-05-06T00:11:25.396Z] [Server Error] 17:11:25 [ERROR] [vite] Error:   Failed to scan for dependencies from entries:
  /Users/string/ai-tools-experiments/src/components/Footer.astro
/Users/string/ai-tools-experiments/src/components/Header.astro
/Users/string/ai-tools-experiments/src/components/ResourceCard.astro
/Users/string/ai-tools-experiments/src/layouts/MainLayout.astro
/Users/string/ai-tools-experiments/src/pages/404.astro
/Users/string/ai-tools-experiments/src/pages/[slug].astro
/Users/string/ai-tools-experiments/src/pages/about.astro
/Users/string/ai-tools-experiments/src/pages/index.astro
/Users/string/ai-tools-experiments/src/pages/observations.astro
/Users/string/ai-tools-experiments/src/pages/resources.astro
/Users/string/ai-tools-experiments/src/content/transcripts/about.html
/Users/string/ai-tools-experiments/src/content/transcripts/ep01.html
/Users/string/ai-tools-experiments/src/content/transcripts/ep02.html
/Users/string/ai-tools-experiments/src/content/transcripts/ep03.html
/Users/string/ai-tools-experiments/src/content/transcripts/ep04.html
/Users/string/ai-tools-experiments/src/content/transcripts/ep05.html
/Users/string/ai-tools-experiments/src/content/transcripts/ep06.html
/Users/string/ai-tools-experiments/src/content/transcripts/ep07.html
/Users/string/ai-tools-experiments/src/content/transcripts/ep08.html
/Users/string/ai-tools-experiments/src/content/transcripts/ep09.html
/Users/string/ai-tools-experiments/src/content/transcripts/ep10.html
/Users/string/ai-tools-experiments/src/content/transcripts/ep11.html
/Users/string/ai-tools-experiments/src/content/transcripts/ep12.html
/Users/string/ai-tools-experiments/src/content/transcripts/ep13.html
/Users/string/ai-tools-experiments/src/content/transcripts/ep14.html
/Users/string/ai-tools-experiments/src/content/transcripts/ep15.html
/Users/string/ai-tools-experiments/src/content/transcripts/ep16.html
/Users/string/ai-tools-experiments/src/content/transcripts/ep17.html
/Users/string/ai-tools-experiments/src/content/transcripts/index.html
/Users/string/ai-tools-experiments/src/content/transcripts/observations.html
/Users/string/ai-tools-experiments/src/content/transcripts/resources.html
/Users/string/ai-tools-experiments/src/content/transcripts/sample-transcript.html

  [31m✘ [41;31m[[41;97mERROR[41;31m][0m [1mExpected "*/" to terminate multi-line comment[0m

    script:/Users/string/ai-tools-experiments/src/pages/index.astro?id=0:264:2:
[37m      264 │   [32m[37m
          ╵   [32m^[0m

  The multi-line comment starts here:

    script:/Users/string/ai-tools-experiments/src/pages/index.astro?id=0:2:31:
[37m      2 │     console.log("Build mode"); [32m/*[37m document.addEventListener('DOMCon...
        ╵                                [32m~~[0m


[31m✘ [41;31m[[41;97mERROR[41;31m][0m [1mUnexpected "}"[0m

    script:/Users/string/ai-tools-experiments/src/pages/observations.astro?id=0:85:8:
[37m      85 │         [32m}[37m);
         ╵         [32m^[0m


[31m✘ [41;31m[[41;97mERROR[41;31m][0m [1mExpected "*/" to terminate multi-line comment[0m

    script:/Users/string/ai-tools-experiments/src/pages/resources.astro?id=0:27:0:
[37m      27 │ [32m[37m
         ╵ [32m^[0m

  The multi-line comment starts here:

    script:/Users/string/ai-tools-experiments/src/pages/resources.astro?id=0:2:31:
[37m      2 │     console.log("Build mode"); [32m/*[37m document.addEventListener('DOMCon...
        ╵                                [32m~~[0m


    at failureErrorWithLog (/Users/string/ai-tools-experiments/node_modules/esbuild/lib/main.js:1477:15)
    at /Users/string/ai-tools-experiments/node_modules/esbuild/lib/main.js:946:25
    at runOnEndCallbacks (/Users/string/ai-tools-experiments/node_modules/esbuild/lib/main.js:1317:45)
    at buildResponseToResult (/Users/string/ai-tools-experiments/node_modules/esbuild/lib/main.js:944:7)
    at /Users/string/ai-tools-experiments/node_modules/esbuild/lib/main.js:956:9
    at new Promise (<anonymous>)
    at requestCallbacks.on-end (/Users/string/ai-tools-experiments/node_modules/esbuild/lib/main.js:955:54)
    at handleRequest (/Users/string/ai-tools-experiments/node_modules/esbuild/lib/main.js:648:17)
    at handleIncomingPacket (/Users/string/ai-tools-experiments/node_modules/esbuild/lib/main.js:673:7)
    at Socket.readFromStdout (/Users/string/ai-tools-experiments/node_modules/esbuild/lib/main.js:601:7)

[2025-05-06T00:12:03.815Z] [Server] 17:12:03 [200] / 11ms

[2025-05-06T00:12:06.498Z] [Server] 17:12:06 [200] / 4ms

[2025-05-06T00:12:06.504Z] [Server] 17:12:06 [200] / 5ms

[2025-05-06T00:12:06.511Z] [Server] 17:12:06 [200] / 6ms

[2025-05-06T00:12:06.519Z] [Server] 17:12:06 [200] / 6ms

[2025-05-06T00:12:07.806Z] [Server Error] 17:12:07 [ERROR] Could not import `../../layouts/MainLayout.astro`.
  Hint:
    This is often caused by a typo in the import path. Please make sure the file exists.
  Error reference:
    https://docs.astro.build/en/reference/errors/failed-to-load-module-ssr/
  Stack trace:
    at /Users/string/ai-tools-experiments/src/pages/about.astro:3:24
    [...] See full stack trace in the browser, or rerun with --verbose.

[2025-05-06T00:12:07.834Z] [Server] 17:12:07 [200] / 6ms

[2025-05-06T00:12:07.866Z] [Server Error] 17:12:07 [ERROR] Could not import `../../layouts/MainLayout.astro`.
  Hint:
    This is often caused by a typo in the import path. Please make sure the file exists.
  Error reference:
    https://docs.astro.build/en/reference/errors/failed-to-load-module-ssr/
  Stack trace:
    at /Users/string/ai-tools-experiments/src/pages/resources.astro:3:24
    [...] See full stack trace in the browser, or rerun with --verbose.

[2025-05-06T00:12:07.944Z] [Server Error] 17:12:07 [ERROR] Could not import `../../layouts/MainLayout.astro`.
  Hint:
    This is often caused by a typo in the import path. Please make sure the file exists.
  Error reference:
    https://docs.astro.build/en/reference/errors/failed-to-load-module-ssr/
  Stack trace:
    at loadAndTransform (file:///Users/string/ai-tools-experiments/node_modules/vite/dist/node/chunks/dep-Bn81Esdm.js:35725:17)
    [...] See full stack trace in the browser, or rerun with --verbose.

[2025-05-06T00:12:11.984Z] [Server] 17:12:11 [watch] playwright-report/index.html

